<?xml version="1.0" encoding="UTF-8"?>
<testsuites>
  <testsuite name="FirstTest" file="C:\Personal\Jaar 4\Ontwikkelstraten\itvb23ows-starter-code\tests\FirstTest.php" tests="1" assertions="1" errors="0" failures="0" skipped="0" time="0.008070">
    <testcase name="testIsString" file="C:\Personal\Jaar 4\Ontwikkelstraten\itvb23ows-starter-code\tests\FirstTest.php" line="7" class="FirstTest" classname="FirstTest" assertions="1" time="0.008070"/>
  </testsuite>
</testsuites>
